<?xml version="1.0" encoding="UTF-8"?>
<robot generator="Robot 3.1.2 (Python 3.7.7 on win32)" generated="20200419 17:13:58.719" rpa="false">
<suite id="s1" name="TC 003" source="C:\Users\Saurabh.Porwal\PycharmProjects\robotautomation\TestCases\TC_003.robot">
<test id="s1-t1" name="TC_003 Variable Text">
<kw name="Set Variable" library="BuiltIn">
<doc>Returns the given values which can then be assigned to a variables.</doc>
<arguments>
<arg>HelloWorld</arg>
</arguments>
<assign>
<var>${var}</var>
</assign>
<msg timestamp="20200419 17:13:59.496" level="INFO">${var} = HelloWorld</msg>
<status status="PASS" starttime="20200419 17:13:59.495" endtime="20200419 17:13:59.496"></status>
</kw>
<kw name="Log To Console" library="BuiltIn">
<doc>Logs the given message to the console.</doc>
<arguments>
<arg>${var}</arg>
</arguments>
<status status="PASS" starttime="20200419 17:13:59.496" endtime="20200419 17:13:59.497"></status>
</kw>
<status status="PASS" starttime="20200419 17:13:59.495" endtime="20200419 17:13:59.497" critical="yes"></status>
</test>
<status status="PASS" starttime="20200419 17:13:58.725" endtime="20200419 17:13:59.499"></status>
</suite>
<statistics>
<total>
<stat pass="1" fail="0">Critical Tests</stat>
<stat pass="1" fail="0">All Tests</stat>
</total>
<tag>
</tag>
<suite>
<stat pass="1" fail="0" id="s1" name="TC 003">TC 003</stat>
</suite>
</statistics>
<errors>
</errors>
</robot>
